2025-06-20T00:42:07.417+08:00  INFO 2804 --- [MyWebProject] [main] c.example.demo.MyWebProjectApplication   : Starting MyWebProjectApplication using Java 21.0.6 with PID 2804 (E:\WorkSpace\MyWebProject\target\classes started by KMNJUYHGFDS in E:\WorkSpace\MyWebProject)
2025-06-20T00:42:07.421+08:00  INFO 2804 --- [MyWebProject] [main] c.example.demo.MyWebProjectApplication   : No active profile set, falling back to 1 default profile: "default"
2025-06-20T00:42:08.120+08:00  INFO 2804 --- [MyWebProject] [main] .s.d.r.c.RepositoryConfigurationDelegate : Multiple Spring Data modules found, entering strict repository configuration mode
2025-06-20T00:42:08.121+08:00  INFO 2804 --- [MyWebProject] [main] .s.d.r.c.RepositoryConfigurationDelegate : Bootstrapping Spring Data JPA repositories in DEFAULT mode.
2025-06-20T00:42:08.246+08:00  INFO 2804 --- [MyWebProject] [main] .s.d.r.c.RepositoryConfigurationDelegate : Finished Spring Data repository scanning in 118 ms. Found 10 JPA repository interfaces.
2025-06-20T00:42:08.269+08:00  INFO 2804 --- [MyWebProject] [main] .s.d.r.c.RepositoryConfigurationDelegate : Multiple Spring Data modules found, entering strict repository configuration mode
2025-06-20T00:42:08.269+08:00  INFO 2804 --- [MyWebProject] [main] .s.d.r.c.RepositoryConfigurationDelegate : Bootstrapping Spring Data JDBC repositories in DEFAULT mode.
2025-06-20T00:42:08.279+08:00  INFO 2804 --- [MyWebProject] [main] .RepositoryConfigurationExtensionSupport : Spring Data JDBC - Could not safely identify store assignment for repository candidate interface com.example.demo.repository.CartItemRepository; If you want this repository to be a JDBC repository, consider annotating your entities with one of these annotations: org.springframework.data.relational.core.mapping.Table.
2025-06-20T00:42:08.280+08:00  INFO 2804 --- [MyWebProject] [main] .RepositoryConfigurationExtensionSupport : Spring Data JDBC - Could not safely identify store assignment for repository candidate interface com.example.demo.repository.CategoryRepository; If you want this repository to be a JDBC repository, consider annotating your entities with one of these annotations: org.springframework.data.relational.core.mapping.Table.
2025-06-20T00:42:08.280+08:00  INFO 2804 --- [MyWebProject] [main] .RepositoryConfigurationExtensionSupport : Spring Data JDBC - Could not safely identify store assignment for repository candidate interface com.example.demo.repository.ChatMessageRepository; If you want this repository to be a JDBC repository, consider annotating your entities with one of these annotations: org.springframework.data.relational.core.mapping.Table.
2025-06-20T00:42:08.281+08:00  INFO 2804 --- [MyWebProject] [main] .RepositoryConfigurationExtensionSupport : Spring Data JDBC - Could not safely identify store assignment for repository candidate interface com.example.demo.repository.ChatRoomRepository; If you want this repository to be a JDBC repository, consider annotating your entities with one of these annotations: org.springframework.data.relational.core.mapping.Table.
2025-06-20T00:42:08.282+08:00  INFO 2804 --- [MyWebProject] [main] .RepositoryConfigurationExtensionSupport : Spring Data JDBC - Could not safely identify store assignment for repository candidate interface com.example.demo.repository.OrderItemRepository; If you want this repository to be a JDBC repository, consider annotating your entities with one of these annotations: org.springframework.data.relational.core.mapping.Table.
2025-06-20T00:42:08.283+08:00  INFO 2804 --- [MyWebProject] [main] .RepositoryConfigurationExtensionSupport : Spring Data JDBC - Could not safely identify store assignment for repository candidate interface com.example.demo.repository.OrdersRepository; If you want this repository to be a JDBC repository, consider annotating your entities with one of these annotations: org.springframework.data.relational.core.mapping.Table.
2025-06-20T00:42:08.283+08:00  INFO 2804 --- [MyWebProject] [main] .RepositoryConfigurationExtensionSupport : Spring Data JDBC - Could not safely identify store assignment for repository candidate interface com.example.demo.repository.ProductImageRepository; If you want this repository to be a JDBC repository, consider annotating your entities with one of these annotations: org.springframework.data.relational.core.mapping.Table.
2025-06-20T00:42:08.283+08:00  INFO 2804 --- [MyWebProject] [main] .RepositoryConfigurationExtensionSupport : Spring Data JDBC - Could not safely identify store assignment for repository candidate interface com.example.demo.repository.ProductRepository; If you want this repository to be a JDBC repository, consider annotating your entities with one of these annotations: org.springframework.data.relational.core.mapping.Table.
2025-06-20T00:42:08.283+08:00  INFO 2804 --- [MyWebProject] [main] .RepositoryConfigurationExtensionSupport : Spring Data JDBC - Could not safely identify store assignment for repository candidate interface com.example.demo.repository.StoreRepository; If you want this repository to be a JDBC repository, consider annotating your entities with one of these annotations: org.springframework.data.relational.core.mapping.Table.
2025-06-20T00:42:08.283+08:00  INFO 2804 --- [MyWebProject] [main] .RepositoryConfigurationExtensionSupport : Spring Data JDBC - Could not safely identify store assignment for repository candidate interface com.example.demo.repository.UserRepository; If you want this repository to be a JDBC repository, consider annotating your entities with one of these annotations: org.springframework.data.relational.core.mapping.Table.
2025-06-20T00:42:08.283+08:00  INFO 2804 --- [MyWebProject] [main] .s.d.r.c.RepositoryConfigurationDelegate : Finished Spring Data repository scanning in 12 ms. Found 0 JDBC repository interfaces.
2025-06-20T00:42:08.842+08:00  INFO 2804 --- [MyWebProject] [main] o.s.b.w.embedded.tomcat.TomcatWebServer  : Tomcat initialized with port 8080 (http)
2025-06-20T00:42:08.857+08:00  INFO 2804 --- [MyWebProject] [main] o.apache.catalina.core.StandardService   : Starting service [Tomcat]
2025-06-20T00:42:08.858+08:00  INFO 2804 --- [MyWebProject] [main] o.apache.catalina.core.StandardEngine    : Starting Servlet engine: [Apache Tomcat/10.1.40]
2025-06-20T00:42:09.045+08:00  INFO 2804 --- [MyWebProject] [main] org.apache.jasper.servlet.TldScanner     : At least one JAR was scanned for TLDs yet contained no TLDs. Enable debug logging for this logger for a complete list of JARs that were scanned but no TLDs were found in them. Skipping unneeded JARs during scanning can improve startup time and JSP compilation time.
2025-06-20T00:42:09.051+08:00  INFO 2804 --- [MyWebProject] [main] o.a.c.c.C.[Tomcat].[localhost].[/]       : Initializing Spring embedded WebApplicationContext
2025-06-20T00:42:09.052+08:00  INFO 2804 --- [MyWebProject] [main] w.s.c.ServletWebServerApplicationContext : Root WebApplicationContext: initialization completed in 1601 ms
2025-06-20T00:42:09.199+08:00  INFO 2804 --- [MyWebProject] [main] o.hibernate.jpa.internal.util.LogHelper  : HHH000204: Processing PersistenceUnitInfo [name: default]
2025-06-20T00:42:09.238+08:00  INFO 2804 --- [MyWebProject] [main] org.hibernate.Version                    : HHH000412: Hibernate ORM core version 6.6.13.Final
2025-06-20T00:42:09.272+08:00  INFO 2804 --- [MyWebProject] [main] o.h.c.internal.RegionFactoryInitiator    : HHH000026: Second-level cache disabled
2025-06-20T00:42:09.503+08:00  INFO 2804 --- [MyWebProject] [main] o.s.o.j.p.SpringPersistenceUnitInfo      : No LoadTimeWeaver setup: ignoring JPA class transformer
2025-06-20T00:42:09.521+08:00  INFO 2804 --- [MyWebProject] [main] com.zaxxer.hikari.HikariDataSource       : HikariPool-1 - Starting...
2025-06-20T00:42:09.637+08:00  INFO 2804 --- [MyWebProject] [main] com.zaxxer.hikari.pool.HikariPool        : HikariPool-1 - Added connection com.mysql.cj.jdbc.ConnectionImpl@736788b
2025-06-20T00:42:09.638+08:00  INFO 2804 --- [MyWebProject] [main] com.zaxxer.hikari.HikariDataSource       : HikariPool-1 - Start completed.
2025-06-20T00:42:09.687+08:00  INFO 2804 --- [MyWebProject] [main] org.hibernate.orm.connections.pooling    : HHH10001005: Database info:
	Database JDBC URL [Connecting through datasource 'HikariDataSource (HikariPool-1)']
	Database driver: undefined/unknown
	Database version: 8.4.5
	Autocommit mode: undefined/unknown
	Isolation level: undefined/unknown
	Minimum pool size: undefined/unknown
	Maximum pool size: undefined/unknown
2025-06-20T00:42:10.378+08:00  INFO 2804 --- [MyWebProject] [main] o.h.e.t.j.p.i.JtaPlatformInitiator       : HHH000489: No JTA platform available (set 'hibernate.transaction.jta.platform' to enable JTA platform integration)
2025-06-20T00:42:10.471+08:00  INFO 2804 --- [MyWebProject] [main] j.LocalContainerEntityManagerFactoryBean : Initialized JPA EntityManagerFactory for persistence unit 'default'
2025-06-20T00:42:10.701+08:00  INFO 2804 --- [MyWebProject] [main] o.s.d.j.r.query.QueryEnhancerFactory     : Hibernate is in classpath; If applicable, HQL parser will be used.
2025-06-20T00:42:11.842+08:00  INFO 2804 --- [MyWebProject] [main] o.s.b.a.w.s.WelcomePageHandlerMapping    : Adding welcome page: class path resource [static/index.html]
2025-06-20T00:42:12.081+08:00  INFO 2804 --- [MyWebProject] [main] o.s.m.s.b.SimpleBrokerMessageHandler     : Starting...
2025-06-20T00:42:12.081+08:00  INFO 2804 --- [MyWebProject] [main] o.s.m.s.b.SimpleBrokerMessageHandler     : BrokerAvailabilityEvent[available=true, SimpleBrokerMessageHandler [org.springframework.messaging.simp.broker.DefaultSubscriptionRegistry@b439e50]]
2025-06-20T00:42:12.082+08:00  INFO 2804 --- [MyWebProject] [main] o.s.m.s.b.SimpleBrokerMessageHandler     : Started.
2025-06-20T00:42:12.094+08:00  INFO 2804 --- [MyWebProject] [main] o.s.b.w.embedded.tomcat.TomcatWebServer  : Tomcat started on port 8080 (http) with context path '/'
2025-06-20T00:42:12.101+08:00  INFO 2804 --- [MyWebProject] [main] c.example.demo.MyWebProjectApplication   : Started MyWebProjectApplication in 4.999 seconds (process running for 5.27)
2025-06-20T00:42:30.604+08:00  INFO 2804 --- [MyWebProject] [http-nio-8080-exec-1] o.a.c.c.C.[Tomcat].[localhost].[/]       : Initializing Spring DispatcherServlet 'dispatcherServlet'
2025-06-20T00:42:30.604+08:00  INFO 2804 --- [MyWebProject] [http-nio-8080-exec-1] o.s.web.servlet.DispatcherServlet        : Initializing Servlet 'dispatcherServlet'
2025-06-20T00:42:30.605+08:00  INFO 2804 --- [MyWebProject] [http-nio-8080-exec-1] o.s.web.servlet.DispatcherServlet        : Completed initialization in 1 ms
2025-06-20T00:43:12.101+08:00  INFO 2804 --- [MyWebProject] [MessageBroker-1] o.s.w.s.c.WebSocketMessageBrokerStats    : WebSocketSession[0 current WS(0)-HttpStream(0)-HttpPoll(0), 0 total, 0 closed abnormally (0 connect failure, 0 send limit, 0 transport error)], stompSubProtocol[processed CONNECT(0)-CONNECTED(0)-DISCONNECT(0)], stompBrokerRelay[null], inboundChannel[pool size = 0, active threads = 0, queued tasks = 0, completed tasks = 0], outboundChannel[pool size = 0, active threads = 0, queued tasks = 0, completed tasks = 0], sockJsScheduler[pool size = 1, active threads = 1, queued tasks = 0, completed tasks = 0]
2025-06-20T01:07:57.033+08:00  INFO 2804 --- [MyWebProject] [SpringApplicationShutdownHook] o.s.b.w.e.tomcat.GracefulShutdown        : Commencing graceful shutdown. Waiting for active requests to complete
2025-06-20T01:07:57.035+08:00  INFO 2804 --- [MyWebProject] [tomcat-shutdown] o.s.b.w.e.tomcat.GracefulShutdown        : Graceful shutdown complete
2025-06-20T01:07:57.036+08:00  INFO 2804 --- [MyWebProject] [SpringApplicationShutdownHook] o.s.m.s.b.SimpleBrokerMessageHandler     : Stopping...
2025-06-20T01:07:57.036+08:00  INFO 2804 --- [MyWebProject] [SpringApplicationShutdownHook] o.s.m.s.b.SimpleBrokerMessageHandler     : BrokerAvailabilityEvent[available=false, SimpleBrokerMessageHandler [org.springframework.messaging.simp.broker.DefaultSubscriptionRegistry@b439e50]]
2025-06-20T01:07:57.036+08:00  INFO 2804 --- [MyWebProject] [SpringApplicationShutdownHook] o.s.m.s.b.SimpleBrokerMessageHandler     : Stopped.
2025-06-20T01:07:57.038+08:00  INFO 2804 --- [MyWebProject] [SpringApplicationShutdownHook] j.LocalContainerEntityManagerFactoryBean : Closing JPA EntityManagerFactory for persistence unit 'default'
2025-06-20T01:07:57.039+08:00  INFO 2804 --- [MyWebProject] [SpringApplicationShutdownHook] com.zaxxer.hikari.HikariDataSource       : HikariPool-1 - Shutdown initiated...
2025-06-20T01:07:57.044+08:00  INFO 2804 --- [MyWebProject] [SpringApplicationShutdownHook] com.zaxxer.hikari.HikariDataSource       : HikariPool-1 - Shutdown completed.
